<?xml version="1.0" encoding="UTF-8"?>
<testng-results skipped="0" failed="0" ignored="0" total="1" passed="1">
  <reporter-output>
  </reporter-output>
  <suite name="Default suite" duration-ms="46" started-at="2018-08-05T01:49:10Z" finished-at="2018-08-05T01:49:10Z">
    <groups>
    </groups>
    <test name="Default test" duration-ms="46" started-at="2018-08-05T01:49:10Z" finished-at="2018-08-05T01:49:10Z">
      <class name="com.code.ab.executeTest">
        <test-method status="PASS" signature="showdata()[pri:0, instance:com.code.ab.executeTest@458ad742]" name="showdata" duration-ms="15" started-at="2018-08-05T09:49:10Z" finished-at="2018-08-05T09:49:10Z">
          <reporter-output>
          </reporter-output>
        </test-method> <!-- showdata -->
      </class> <!-- com.code.ab.executeTest -->
    </test> <!-- Default test -->
  </suite> <!-- Default suite -->
</testng-results>
